Name                                                                                                                                                                              Stmts   Miss  Cover
-----------------------------------------------------------------------------------------------------------------------------------------------------------------------------------------------------
C:\Users\danie\source\repos\evennia\evennia\__init__.py                                                                                                                             188     24    87%
C:\Users\danie\source\repos\evennia\evennia\__main__.py                                                                                                                              24      4    83%
C:\Users\danie\source\repos\evennia\evennia\accounts\__init__.py                                                                                                                      0      0   100%
C:\Users\danie\source\repos\evennia\evennia\accounts\accounts.py                                                                                                                    604    101    83%
C:\Users\danie\source\repos\evennia\evennia\accounts\bots.py                                                                                                                        280    220    21%
C:\Users\danie\source\repos\evennia\evennia\accounts\manager.py                                                                                                                      80     19    76%
C:\Users\danie\source\repos\evennia\evennia\accounts\migrations\0001_initial.py                                                                                                       6      0   100%
C:\Users\danie\source\repos\evennia\evennia\accounts\migrations\0002_move_defaults.py                                                                                                 9      2    78%
C:\Users\danie\source\repos\evennia\evennia\accounts\migrations\0003_auto_20150209_2234.py                                                                                            4      0   100%
C:\Users\danie\source\repos\evennia\evennia\accounts\migrations\0004_auto_20150403_2339.py                                                                                            6      0   100%
C:\Users\danie\source\repos\evennia\evennia\accounts\migrations\0005_auto_20160905_0902.py                                                                                            5      0   100%
C:\Users\danie\source\repos\evennia\evennia\accounts\migrations\0006_auto_20170606_1731.py                                                                                            5      0   100%
C:\Users\danie\source\repos\evennia\evennia\accounts\migrations\0007_copy_player_to_account.py                                                                                       24     13    46%
C:\Users\danie\source\repos\evennia\evennia\accounts\migrations\0008_auto_20190128_1820.py                                                                                            6      0   100%
C:\Users\danie\source\repos\evennia\evennia\accounts\migrations\0009_auto_20191025_0831.py                                                                                            4      0   100%
C:\Users\danie\source\repos\evennia\evennia\accounts\migrations\0010_auto_20210520_2137.py                                                                                            5      0   100%
C:\Users\danie\source\repos\evennia\evennia\accounts\migrations\0011_convert_contrib_typeclass_paths.py                                                                              34     25    26%
C:\Users\danie\source\repos\evennia\evennia\accounts\migrations\0012_defaultaccount_alter_accountdb_id_account_bot_and_more.py                                                        4      0   100%
C:\Users\danie\source\repos\evennia\evennia\accounts\migrations\__init__.py                                                                                                           0      0   100%
C:\Users\danie\source\repos\evennia\evennia\accounts\models.py                                                                                                                       55      9    84%
C:\Users\danie\source\repos\evennia\evennia\accounts\tests.py                                                                                                                       243      2    99%
C:\Users\danie\source\repos\evennia\evennia\commands\__init__.py                                                                                                                      1      0   100%
C:\Users\danie\source\repos\evennia\evennia\commands\cmdhandler.py                                                                                                                  291     69    76%
C:\Users\danie\source\repos\evennia\evennia\commands\cmdparser.py                                                                                                                    59     16    73%
C:\Users\danie\source\repos\evennia\evennia\commands\cmdset.py                                                                                                                      191     27    86%
C:\Users\danie\source\repos\evennia\evennia\commands\cmdsethandler.py                                                                                                               261    101    61%
C:\Users\danie\source\repos\evennia\evennia\commands\command.py                                                                                                                     237     81    66%
C:\Users\danie\source\repos\evennia\evennia\commands\default\__init__.py                                                                                                              0      0   100%
C:\Users\danie\source\repos\evennia\evennia\commands\default\account.py                                                                                                             452    186    59%
C:\Users\danie\source\repos\evennia\evennia\commands\default\admin.py                                                                                                               289    155    46%
C:\Users\danie\source\repos\evennia\evennia\commands\default\batchprocess.py                                                                                                        393    219    44%
C:\Users\danie\source\repos\evennia\evennia\commands\default\building.py                                                                                                           2128    434    80%
C:\Users\danie\source\repos\evennia\evennia\commands\default\cmdset_account.py                                                                                                       33      0   100%
C:\Users\danie\source\repos\evennia\evennia\commands\default\cmdset_character.py                                                                                                     63      0   100%
C:\Users\danie\source\repos\evennia\evennia\commands\default\cmdset_session.py                                                                                                        7      0   100%
C:\Users\danie\source\repos\evennia\evennia\commands\default\cmdset_unloggedin.py                                                                                                    14      0   100%
C:\Users\danie\source\repos\evennia\evennia\commands\default\comms.py                                                                                                               849    390    54%
C:\Users\danie\source\repos\evennia\evennia\commands\default\general.py                                                                                                             354    133    62%
C:\Users\danie\source\repos\evennia\evennia\commands\default\help.py                                                                                                                367    118    68%
C:\Users\danie\source\repos\evennia\evennia\commands\default\muxcommand.py                                                                                                          113     33    71%
C:\Users\danie\source\repos\evennia\evennia\commands\default\syscommands.py                                                                                                          22      0   100%
C:\Users\danie\source\repos\evennia\evennia\commands\default\system.py                                                                                                              533    265    50%
C:\Users\danie\source\repos\evennia\evennia\commands\default\tests.py                                                                                                               871      2    99%
C:\Users\danie\source\repos\evennia\evennia\commands\default\unloggedin.py                                                                                                          198    134    32%
C:\Users\danie\source\repos\evennia\evennia\commands\tests.py                                                                                                                       767      3    99%
C:\Users\danie\source\repos\evennia\evennia\comms\__init__.py                                                                                                                         0      0   100%
C:\Users\danie\source\repos\evennia\evennia\comms\comms.py                                                                                                                          247     49    80%
C:\Users\danie\source\repos\evennia\evennia\comms\managers.py                                                                                                                       182    101    45%
C:\Users\danie\source\repos\evennia\evennia\comms\migrations\0001_initial.py                                                                                                          4      0   100%
C:\Users\danie\source\repos\evennia\evennia\comms\migrations\0002_msg_db_hide_from_objects.py                                                                                         4      0   100%
C:\Users\danie\source\repos\evennia\evennia\comms\migrations\0003_auto_20140917_0756.py                                                                                               5      0   100%
C:\Users\danie\source\repos\evennia\evennia\comms\migrations\0004_auto_20150118_1631.py                                                                                               9      2    78%
C:\Users\danie\source\repos\evennia\evennia\comms\migrations\0005_auto_20150223_1517.py                                                                                              11      3    73%
C:\Users\danie\source\repos\evennia\evennia\comms\migrations\0006_channeldb_db_object_subscriptions.py                                                                                4      0   100%
C:\Users\danie\source\repos\evennia\evennia\comms\migrations\0007_msg_db_tags.py                                                                                                      4      0   100%
C:\Users\danie\source\repos\evennia\evennia\comms\migrations\0008_auto_20160905_0902.py                                                                                               4      0   100%
C:\Users\danie\source\repos\evennia\evennia\comms\migrations\0009_auto_20160921_1731.py                                                                                               5      0   100%
C:\Users\danie\source\repos\evennia\evennia\comms\migrations\0010_auto_20161206_1912.py                                                                                               5      0   100%
C:\Users\danie\source\repos\evennia\evennia\comms\migrations\0011_auto_20170217_2039.py                                                                                               4      0   100%
C:\Users\danie\source\repos\evennia\evennia\comms\migrations\0011_auto_20170606_1731.py                                                                                               5      0   100%
C:\Users\danie\source\repos\evennia\evennia\comms\migrations\0012_merge_20170617_2017.py                                                                                              4      0   100%
C:\Users\danie\source\repos\evennia\evennia\comms\migrations\0013_auto_20170705_1726.py                                                                                               9      1    89%
C:\Users\danie\source\repos\evennia\evennia\comms\migrations\0014_auto_20170705_1736.py                                                                                              26     17    35%
C:\Users\danie\source\repos\evennia\evennia\comms\migrations\0015_auto_20170706_2041.py                                                                                               9      1    89%
C:\Users\danie\source\repos\evennia\evennia\comms\migrations\0016_auto_20180925_1735.py                                                                                               4      0   100%
C:\Users\danie\source\repos\evennia\evennia\comms\migrations\0017_auto_20190128_1820.py                                                                                               5      0   100%
C:\Users\danie\source\repos\evennia\evennia\comms\migrations\0018_auto_20191025_0831.py                                                                                               4      0   100%
C:\Users\danie\source\repos\evennia\evennia\comms\migrations\0019_auto_20210514_2032.py                                                                                              17     10    41%
C:\Users\danie\source\repos\evennia\evennia\comms\migrations\0020_auto_20210514_2210.py                                                                                               4      0   100%
C:\Users\danie\source\repos\evennia\evennia\comms\migrations\0021_auto_20210520_2137.py                                                                                               5      0   100%
C:\Users\danie\source\repos\evennia\evennia\comms\migrations\0022_defaultchannel_alter_channeldb_id_alter_msg_id_and_more.py                                                          4      0   100%
C:\Users\danie\source\repos\evennia\evennia\comms\migrations\__init__.py                                                                                                              0      0   100%
C:\Users\danie\source\repos\evennia\evennia\comms\models.py                                                                                                                         256     95    63%
C:\Users\danie\source\repos\evennia\evennia\comms\tests.py                                                                                                                           55      0   100%
C:\Users\danie\source\repos\evennia\evennia\contrib\__init__.py                                                                                                                       1      0   100%
C:\Users\danie\source\repos\evennia\evennia\contrib\base_systems\__init__.py                                                                                                          0      0   100%
C:\Users\danie\source\repos\evennia\evennia\contrib\base_systems\awsstorage\__init__.py                                                                                               0      0   100%
C:\Users\danie\source\repos\evennia\evennia\contrib\base_systems\awsstorage\tests.py                                                                                                315    251    20%
C:\Users\danie\source\repos\evennia\evennia\contrib\base_systems\building_menu\__init__.py                                                                                            2      0   100%
C:\Users\danie\source\repos\evennia\evennia\contrib\base_systems\building_menu\building_menu.py                                                                                     401     96    76%
C:\Users\danie\source\repos\evennia\evennia\contrib\base_systems\building_menu\tests.py                                                                                             109      0   100%
C:\Users\danie\source\repos\evennia\evennia\contrib\base_systems\color_markups\__init__.py                                                                                            1      0   100%
C:\Users\danie\source\repos\evennia\evennia\contrib\base_systems\color_markups\color_markups.py                                                                                      43      0   100%
C:\Users\danie\source\repos\evennia\evennia\contrib\base_systems\color_markups\tests.py                                                                                              50      0   100%
C:\Users\danie\source\repos\evennia\evennia\contrib\base_systems\components\__init__.py                                                                                              10      2    80%
C:\Users\danie\source\repos\evennia\evennia\contrib\base_systems\components\component.py                                                                                             55     11    80%
C:\Users\danie\source\repos\evennia\evennia\contrib\base_systems\components\dbfield.py                                                                                               41      7    83%
C:\Users\danie\source\repos\evennia\evennia\contrib\base_systems\components\holder.py                                                                                               134      9    93%
C:\Users\danie\source\repos\evennia\evennia\contrib\base_systems\components\signals.py                                                                                               87     12    86%
C:\Users\danie\source\repos\evennia\evennia\contrib\base_systems\components\tests.py                                                                                                290      7    98%
C:\Users\danie\source\repos\evennia\evennia\contrib\base_systems\custom_gametime\__init__.py                                                                                          7      0   100%
C:\Users\danie\source\repos\evennia\evennia\contrib\base_systems\custom_gametime\custom_gametime.py                                                                                  90     10    89%
C:\Users\danie\source\repos\evennia\evennia\contrib\base_systems\custom_gametime\tests.py                                                                                            29      1    97%
C:\Users\danie\source\repos\evennia\evennia\contrib\base_systems\email_login\__init__.py                                                                                              2      0   100%
C:\Users\danie\source\repos\evennia\evennia\contrib\base_systems\email_login\connection_screens.py                                                                                    4      0   100%
C:\Users\danie\source\repos\evennia\evennia\contrib\base_systems\email_login\email_login.py                                                                                         124     34    73%
C:\Users\danie\source\repos\evennia\evennia\contrib\base_systems\email_login\tests.py                                                                                                13      0   100%
C:\Users\danie\source\repos\evennia\evennia\contrib\base_systems\godotwebsocket\__init__.py                                                                                           2      0   100%
C:\Users\danie\source\repos\evennia\evennia\contrib\base_systems\godotwebsocket\test_text2bbcode.py                                                                                  32      0   100%
C:\Users\danie\source\repos\evennia\evennia\contrib\base_systems\godotwebsocket\text2bbcode.py                                                                                      198     12    94%
C:\Users\danie\source\repos\evennia\evennia\contrib\base_systems\godotwebsocket\webclient.py                                                                                         38     26    32%
C:\Users\danie\source\repos\evennia\evennia\contrib\base_systems\ingame_python\__init__.py                                                                                            1      0   100%
C:\Users\danie\source\repos\evennia\evennia\contrib\base_systems\ingame_python\callbackhandler.py                                                                                    66     52    21%
C:\Users\danie\source\repos\evennia\evennia\contrib\base_systems\ingame_python\commands.py                                                                                          329    294    11%
C:\Users\danie\source\repos\evennia\evennia\contrib\base_systems\ingame_python\eventfuncs.py                                                                                         17     12    29%
C:\Users\danie\source\repos\evennia\evennia\contrib\base_systems\ingame_python\scripts.py                                                                                           290    258    11%
C:\Users\danie\source\repos\evennia\evennia\contrib\base_systems\ingame_python\tests.py                                                                                             276    240    13%
C:\Users\danie\source\repos\evennia\evennia\contrib\base_systems\ingame_python\typeclasses.py                                                                                       181    152    16%
C:\Users\danie\source\repos\evennia\evennia\contrib\base_systems\ingame_python\utils.py                                                                                             114     92    19%
C:\Users\danie\source\repos\evennia\evennia\contrib\base_systems\menu_login\__init__.py                                                                                               2      0   100%
C:\Users\danie\source\repos\evennia\evennia\contrib\base_systems\menu_login\connection_screens.py                                                                                     4      0   100%
C:\Users\danie\source\repos\evennia\evennia\contrib\base_systems\menu_login\menu_login.py                                                                                            94     55    41%
C:\Users\danie\source\repos\evennia\evennia\contrib\base_systems\menu_login\tests.py                                                                                                  5      0   100%
C:\Users\danie\source\repos\evennia\evennia\contrib\base_systems\mux_comms_cmds\__init__.py                                                                                           1      0   100%
C:\Users\danie\source\repos\evennia\evennia\contrib\base_systems\mux_comms_cmds\mux_comms_cmds.py                                                                                   264    114    57%
C:\Users\danie\source\repos\evennia\evennia\contrib\base_systems\mux_comms_cmds\tests.py                                                                                             21      0   100%
C:\Users\danie\source\repos\evennia\evennia\contrib\base_systems\unixcommand\__init__.py                                                                                              1      0   100%
C:\Users\danie\source\repos\evennia\evennia\contrib\base_systems\unixcommand\tests.py                                                                                                29      0   100%
C:\Users\danie\source\repos\evennia\evennia\contrib\base_systems\unixcommand\unixcommand.py                                                                                          55     10    82%
C:\Users\danie\source\repos\evennia\evennia\contrib\full_systems\__init__.py                                                                                                          0      0   100%
C:\Users\danie\source\repos\evennia\evennia\contrib\full_systems\evscaperoom\__init__.py                                                                                              8      0   100%
C:\Users\danie\source\repos\evennia\evennia\contrib\full_systems\evscaperoom\commands.py                                                                                            339    106    69%
C:\Users\danie\source\repos\evennia\evennia\contrib\full_systems\evscaperoom\menu.py                                                                                                129     80    38%
C:\Users\danie\source\repos\evennia\evennia\contrib\full_systems\evscaperoom\objects.py                                                                                             447    203    55%
C:\Users\danie\source\repos\evennia\evennia\contrib\full_systems\evscaperoom\room.py                                                                                                 95     30    68%
C:\Users\danie\source\repos\evennia\evennia\contrib\full_systems\evscaperoom\scripts.py                                                                                              13      8    38%
C:\Users\danie\source\repos\evennia\evennia\contrib\full_systems\evscaperoom\state.py                                                                                               112     46    59%
C:\Users\danie\source\repos\evennia\evennia\contrib\full_systems\evscaperoom\states\state_001_start.py                                                                               54     10    81%
C:\Users\danie\source\repos\evennia\evennia\contrib\full_systems\evscaperoom\tests.py                                                                                               217      0   100%
C:\Users\danie\source\repos\evennia\evennia\contrib\full_systems\evscaperoom\utils.py                                                                                                61     20    67%
C:\Users\danie\source\repos\evennia\evennia\contrib\game_systems\__init__.py                                                                                                          0      0   100%
C:\Users\danie\source\repos\evennia\evennia\contrib\game_systems\barter\__init__.py                                                                                                   1      0   100%
C:\Users\danie\source\repos\evennia\evennia\contrib\game_systems\barter\barter.py                                                                                                   343     56    84%
C:\Users\danie\source\repos\evennia\evennia\contrib\game_systems\barter\tests.py                                                                                                     75      0   100%
C:\Users\danie\source\repos\evennia\evennia\contrib\game_systems\clothing\__init__.py                                                                                                 3      0   100%
C:\Users\danie\source\repos\evennia\evennia\contrib\game_systems\clothing\clothing.py                                                                                               257     99    61%
C:\Users\danie\source\repos\evennia\evennia\contrib\game_systems\clothing\tests.py                                                                                                   64      0   100%
C:\Users\danie\source\repos\evennia\evennia\contrib\game_systems\cooldowns\__init__.py                                                                                                1      0   100%
C:\Users\danie\source\repos\evennia\evennia\contrib\game_systems\cooldowns\cooldowns.py                                                                                              45      0   100%
C:\Users\danie\source\repos\evennia\evennia\contrib\game_systems\cooldowns\tests.py                                                                                                 124      0   100%
C:\Users\danie\source\repos\evennia\evennia\contrib\game_systems\crafting\__init__.py                                                                                                 4      0   100%
C:\Users\danie\source\repos\evennia\evennia\contrib\game_systems\crafting\crafting.py                                                                                               260     24    91%
C:\Users\danie\source\repos\evennia\evennia\contrib\game_systems\crafting\example_recipes.py                                                                                        136     44    68%
C:\Users\danie\source\repos\evennia\evennia\contrib\game_systems\crafting\tests.py                                                                                                  357      1    99%
C:\Users\danie\source\repos\evennia\evennia\contrib\game_systems\gendersub\__init__.py                                                                                                2      0   100%
C:\Users\danie\source\repos\evennia\evennia\contrib\game_systems\gendersub\gendersub.py                                                                                              40      6    85%
C:\Users\danie\source\repos\evennia\evennia\contrib\game_systems\gendersub\tests.py                                                                                                  17      0   100%
C:\Users\danie\source\repos\evennia\evennia\contrib\game_systems\mail\__init__.py                                                                                                     2      0   100%
C:\Users\danie\source\repos\evennia\evennia\contrib\game_systems\mail\mail.py                                                                                                       159     38    76%
C:\Users\danie\source\repos\evennia\evennia\contrib\game_systems\mail\tests.py                                                                                                       17      0   100%
C:\Users\danie\source\repos\evennia\evennia\contrib\game_systems\multidescer\__init__.py                                                                                              1      0   100%
C:\Users\danie\source\repos\evennia\evennia\contrib\game_systems\multidescer\multidescer.py                                                                                         128     46    64%
C:\Users\danie\source\repos\evennia\evennia\contrib\game_systems\multidescer\tests.py                                                                                                13      0   100%
C:\Users\danie\source\repos\evennia\evennia\contrib\game_systems\puzzles\__init__.py                                                                                                  2      0   100%
C:\Users\danie\source\repos\evennia\evennia\contrib\game_systems\puzzles\puzzles.py                                                                                                 412     16    96%
C:\Users\danie\source\repos\evennia\evennia\contrib\game_systems\puzzles\tests.py                                                                                                   483      0   100%
C:\Users\danie\source\repos\evennia\evennia\contrib\game_systems\turnbattle\__init__.py                                                                                               5      0   100%
C:\Users\danie\source\repos\evennia\evennia\contrib\game_systems\turnbattle\tb_basic.py                                                                                             265     82    69%
C:\Users\danie\source\repos\evennia\evennia\contrib\game_systems\turnbattle\tb_equip.py                                                                                             227     75    67%
C:\Users\danie\source\repos\evennia\evennia\contrib\game_systems\turnbattle\tb_items.py                                                                                             308    128    58%
C:\Users\danie\source\repos\evennia\evennia\contrib\game_systems\turnbattle\tb_magic.py                                                                                             302    203    33%
C:\Users\danie\source\repos\evennia\evennia\contrib\game_systems\turnbattle\tb_range.py                                                                                             348    178    49%
C:\Users\danie\source\repos\evennia\evennia\contrib\game_systems\turnbattle\tests.py                                                                                                423      0   100%
C:\Users\danie\source\repos\evennia\evennia\contrib\grid\__init__.py                                                                                                                  0      0   100%
C:\Users\danie\source\repos\evennia\evennia\contrib\grid\extended_room\__init__.py                                                                                                    6      0   100%
C:\Users\danie\source\repos\evennia\evennia\contrib\grid\extended_room\extended_room.py                                                                                             217     72    67%
C:\Users\danie\source\repos\evennia\evennia\contrib\grid\extended_room\tests.py                                                                                                      57      0   100%
C:\Users\danie\source\repos\evennia\evennia\contrib\grid\ingame_map_display\__init__.py                                                                                               1      0   100%
C:\Users\danie\source\repos\evennia\evennia\contrib\grid\ingame_map_display\ingame_map_display.py                                                                                   114     22    81%
C:\Users\danie\source\repos\evennia\evennia\contrib\grid\ingame_map_display\tests.py                                                                                                 19      0   100%
C:\Users\danie\source\repos\evennia\evennia\contrib\grid\mapbuilder\__init__.py                                                                                                       1      0   100%
C:\Users\danie\source\repos\evennia\evennia\contrib\grid\mapbuilder\mapbuilder.py                                                                                                    81     22    73%
C:\Users\danie\source\repos\evennia\evennia\contrib\grid\mapbuilder\tests.py                                                                                                         56     28    50%
C:\Users\danie\source\repos\evennia\evennia\contrib\grid\simpledoor\__init__.py                                                                                                       2      0   100%
C:\Users\danie\source\repos\evennia\evennia\contrib\grid\simpledoor\simpledoor.py                                                                                                    61     14    77%
C:\Users\danie\source\repos\evennia\evennia\contrib\grid\simpledoor\tests.py                                                                                                          9      0   100%
C:\Users\danie\source\repos\evennia\evennia\contrib\grid\slow_exit\__init__.py                                                                                                        4      0   100%
C:\Users\danie\source\repos\evennia\evennia\contrib\grid\slow_exit\slow_exit.py                                                                                                      44     11    75%
C:\Users\danie\source\repos\evennia\evennia\contrib\grid\slow_exit\tests.py                                                                                                          15      2    87%
C:\Users\danie\source\repos\evennia\evennia\contrib\grid\wilderness\__init__.py                                                                                                       7      0   100%
C:\Users\danie\source\repos\evennia\evennia\contrib\grid\wilderness\tests.py                                                                                                         91      0   100%
C:\Users\danie\source\repos\evennia\evennia\contrib\grid\wilderness\wilderness.py                                                                                                   196     56    71%
C:\Users\danie\source\repos\evennia\evennia\contrib\grid\xyzgrid\__init__.py                                                                                                          2      1    50%
C:\Users\danie\source\repos\evennia\evennia\contrib\grid\xyzgrid\example.py                                                                                                          26     25     4%
C:\Users\danie\source\repos\evennia\evennia\contrib\grid\xyzgrid\xymap_legend.py                                                                                                    398    394     1%
C:\Users\danie\source\repos\evennia\evennia\contrib\rpg\__init__.py                                                                                                                   0      0   100%
C:\Users\danie\source\repos\evennia\evennia\contrib\rpg\buffs\__init__.py                                                                                                             0      0   100%
C:\Users\danie\source\repos\evennia\evennia\contrib\rpg\buffs\buff.py                                                                                                               518    161    69%
C:\Users\danie\source\repos\evennia\evennia\contrib\rpg\buffs\samplebuffs.py                                                                                                         87     23    74%
C:\Users\danie\source\repos\evennia\evennia\contrib\rpg\buffs\tests.py                                                                                                              275      0   100%
C:\Users\danie\source\repos\evennia\evennia\contrib\rpg\character_creator\__init__.py                                                                                                 0      0   100%
C:\Users\danie\source\repos\evennia\evennia\contrib\rpg\character_creator\character_creator.py                                                                                       85     20    76%
C:\Users\danie\source\repos\evennia\evennia\contrib\rpg\character_creator\example_menu.py                                                                                           133    103    23%
C:\Users\danie\source\repos\evennia\evennia\contrib\rpg\character_creator\tests.py                                                                                                   25      0   100%
C:\Users\danie\source\repos\evennia\evennia\contrib\rpg\dice\__init__.py                                                                                                              4      0   100%
C:\Users\danie\source\repos\evennia\evennia\contrib\rpg\dice\dice.py                                                                                                                103     28    73%
C:\Users\danie\source\repos\evennia\evennia\contrib\rpg\dice\tests.py                                                                                                                13      0   100%
C:\Users\danie\source\repos\evennia\evennia\contrib\rpg\health_bar\__init__.py                                                                                                        1      0   100%
C:\Users\danie\source\repos\evennia\evennia\contrib\rpg\health_bar\health_bar.py                                                                                                     30      6    80%
C:\Users\danie\source\repos\evennia\evennia\contrib\rpg\health_bar\tests.py                                                                                                          14      0   100%
C:\Users\danie\source\repos\evennia\evennia\contrib\rpg\rpsystem\__init__.py                                                                                                          9      0   100%
C:\Users\danie\source\repos\evennia\evennia\contrib\rpg\rpsystem\rplanguage.py                                                                                                      141     25    82%
C:\Users\danie\source\repos\evennia\evennia\contrib\rpg\rpsystem\rpsystem.py                                                                                                        577    122    79%
C:\Users\danie\source\repos\evennia\evennia\contrib\rpg\rpsystem\tests.py                                                                                                           189      0   100%
C:\Users\danie\source\repos\evennia\evennia\contrib\rpg\traits\__init__.py                                                                                                            5      0   100%
C:\Users\danie\source\repos\evennia\evennia\contrib\rpg\traits\tests.py                                                                                                             594      0   100%
C:\Users\danie\source\repos\evennia\evennia\contrib\rpg\traits\traits.py                                                                                                            525     51    90%
C:\Users\danie\source\repos\evennia\evennia\contrib\tutorials\__init__.py                                                                                                             0      0   100%
C:\Users\danie\source\repos\evennia\evennia\contrib\tutorials\batchprocessor\__init__.py                                                                                              0      0   100%
C:\Users\danie\source\repos\evennia\evennia\contrib\tutorials\bodyfunctions\__init__.py                                                                                               1      0   100%
C:\Users\danie\source\repos\evennia\evennia\contrib\tutorials\bodyfunctions\bodyfunctions.py                                                                                         34      0   100%
C:\Users\danie\source\repos\evennia\evennia\contrib\tutorials\bodyfunctions\tests.py                                                                                                 56      0   100%
C:\Users\danie\source\repos\evennia\evennia\contrib\tutorials\evadventure\__init__.py                                                                                                 0      0   100%
C:\Users\danie\source\repos\evennia\evennia\contrib\tutorials\evadventure\characters.py                                                                                             132     54    59%
C:\Users\danie\source\repos\evennia\evennia\contrib\tutorials\evadventure\chargen.py                                                                                                120     48    60%
C:\Users\danie\source\repos\evennia\evennia\contrib\tutorials\evadventure\combat_turnbased.py                                                                                       452    101    78%
C:\Users\danie\source\repos\evennia\evennia\contrib\tutorials\evadventure\commands.py                                                                                               174     59    66%
C:\Users\danie\source\repos\evennia\evennia\contrib\tutorials\evadventure\dungeon.py                                                                                                144     29    80%
C:\Users\danie\source\repos\evennia\evennia\contrib\tutorials\evadventure\enums.py                                                                                                   31      0   100%
C:\Users\danie\source\repos\evennia\evennia\contrib\tutorials\evadventure\equipment.py                                                                                              144     15    90%
C:\Users\danie\source\repos\evennia\evennia\contrib\tutorials\evadventure\npcs.py                                                                                                   114     49    57%
C:\Users\danie\source\repos\evennia\evennia\contrib\tutorials\evadventure\objects.py                                                                                                 80      7    91%
C:\Users\danie\source\repos\evennia\evennia\contrib\tutorials\evadventure\quests.py                                                                                                  95     12    87%
C:\Users\danie\source\repos\evennia\evennia\contrib\tutorials\evadventure\random_tables.py                                                                                            4      0   100%
C:\Users\danie\source\repos\evennia\evennia\contrib\tutorials\evadventure\rooms.py                                                                                                   35      4    89%
C:\Users\danie\source\repos\evennia\evennia\contrib\tutorials\evadventure\rules.py                                                                                                   94      3    97%
C:\Users\danie\source\repos\evennia\evennia\contrib\tutorials\evadventure\tests\__init__.py                                                                                           0      0   100%
C:\Users\danie\source\repos\evennia\evennia\contrib\tutorials\evadventure\tests\mixins.py                                                                                            16      0   100%
C:\Users\danie\source\repos\evennia\evennia\contrib\tutorials\evadventure\tests\test_characters.py                                                                                   29      0   100%
C:\Users\danie\source\repos\evennia\evennia\contrib\tutorials\evadventure\tests\test_chargen.py                                                                                      29      0   100%
C:\Users\danie\source\repos\evennia\evennia\contrib\tutorials\evadventure\tests\test_combat.py                                                                                      177      0   100%
C:\Users\danie\source\repos\evennia\evennia\contrib\tutorials\evadventure\tests\test_commands.py                                                                                     58      0   100%
C:\Users\danie\source\repos\evennia\evennia\contrib\tutorials\evadventure\tests\test_dungeon.py                                                                                      43      0   100%
C:\Users\danie\source\repos\evennia\evennia\contrib\tutorials\evadventure\tests\test_equipment.py                                                                                    98      0   100%
C:\Users\danie\source\repos\evennia\evennia\contrib\tutorials\evadventure\tests\test_quests.py                                                                                       67      1    99%
C:\Users\danie\source\repos\evennia\evennia\contrib\tutorials\evadventure\tests\test_rules.py                                                                                       111      0   100%
C:\Users\danie\source\repos\evennia\evennia\contrib\tutorials\evadventure\tests\test_utils.py                                                                                         9      0   100%
C:\Users\danie\source\repos\evennia\evennia\contrib\tutorials\evadventure\utils.py                                                                                                   10      3    70%
C:\Users\danie\source\repos\evennia\evennia\contrib\tutorials\mirror\__init__.py                                                                                                      1      0   100%
C:\Users\danie\source\repos\evennia\evennia\contrib\tutorials\mirror\mirror.py                                                                                                       17     12    29%
C:\Users\danie\source\repos\evennia\evennia\contrib\tutorials\red_button\__init__.py                                                                                                  1      0   100%
C:\Users\danie\source\repos\evennia\evennia\contrib\tutorials\red_button\red_button.py                                                                                              163     76    53%
C:\Users\danie\source\repos\evennia\evennia\contrib\tutorials\talking_npc\__init__.py                                                                                                 1      0   100%
C:\Users\danie\source\repos\evennia\evennia\contrib\tutorials\talking_npc\talking_npc.py                                                                                             37     12    68%
C:\Users\danie\source\repos\evennia\evennia\contrib\tutorials\talking_npc\tests.py                                                                                                    8      0   100%
C:\Users\danie\source\repos\evennia\evennia\contrib\tutorials\tutorial_world\__init__.py                                                                                              2      0   100%
C:\Users\danie\source\repos\evennia\evennia\contrib\tutorials\tutorial_world\intro_menu.py                                                                                          126     89    29%
C:\Users\danie\source\repos\evennia\evennia\contrib\tutorials\tutorial_world\mob.py                                                                                                 172     87    49%
C:\Users\danie\source\repos\evennia\evennia\contrib\tutorials\tutorial_world\objects.py                                                                                             380    109    71%
C:\Users\danie\source\repos\evennia\evennia\contrib\tutorials\tutorial_world\rooms.py                                                                                               364    117    68%
C:\Users\danie\source\repos\evennia\evennia\contrib\tutorials\tutorial_world\tests.py                                                                                                99      0   100%
C:\Users\danie\source\repos\evennia\evennia\contrib\utils\__init__.py                                                                                                                 0      0   100%
C:\Users\danie\source\repos\evennia\evennia\contrib\utils\auditing\__init__.py                                                                                                        0      0   100%
C:\Users\danie\source\repos\evennia\evennia\contrib\utils\auditing\outputs.py                                                                                                         9      7    22%
C:\Users\danie\source\repos\evennia\evennia\contrib\utils\auditing\server.py                                                                                                        103     22    79%
C:\Users\danie\source\repos\evennia\evennia\contrib\utils\auditing\tests.py                                                                                                          42      0   100%
C:\Users\danie\source\repos\evennia\evennia\contrib\utils\fieldfill\__init__.py                                                                                                       5      0   100%
C:\Users\danie\source\repos\evennia\evennia\contrib\utils\fieldfill\fieldfill.py                                                                                                    237    214    10%
C:\Users\danie\source\repos\evennia\evennia\contrib\utils\git_integration\__init__.py                                                                                                 1      0   100%
C:\Users\danie\source\repos\evennia\evennia\contrib\utils\git_integration\git_integration.py                                                                                        107    105     2%
C:\Users\danie\source\repos\evennia\evennia\contrib\utils\name_generator\__init__.py                                                                                                  0      0   100%
C:\Users\danie\source\repos\evennia\evennia\contrib\utils\name_generator\namegen.py                                                                                                 131      8    94%
C:\Users\danie\source\repos\evennia\evennia\contrib\utils\name_generator\tests.py                                                                                                    71      0   100%
C:\Users\danie\source\repos\evennia\evennia\contrib\utils\random_string_generator\__init__.py                                                                                         3      0   100%
C:\Users\danie\source\repos\evennia\evennia\contrib\utils\random_string_generator\random_string_generator.py                                                                        131     37    72%
C:\Users\danie\source\repos\evennia\evennia\contrib\utils\random_string_generator\tests.py                                                                                           12      0   100%
C:\Users\danie\source\repos\evennia\evennia\contrib\utils\tree_select\__init__.py                                                                                                     1      0   100%
C:\Users\danie\source\repos\evennia\evennia\contrib\utils\tree_select\tests.py                                                                                                       19      0   100%
C:\Users\danie\source\repos\evennia\evennia\contrib\utils\tree_select\tree_select.py                                                                                                120     46    62%
C:\Users\danie\source\repos\evennia\evennia\game_template\commands\__init__.py                                                                                                        0      0   100%
C:\Users\danie\source\repos\evennia\evennia\game_template\commands\default_cmdsets.py                                                                                                17      1    94%
C:\Users\danie\source\repos\evennia\evennia\game_template\server\__init__.py                                                                                                          0      0   100%
C:\Users\danie\source\repos\evennia\evennia\game_template\server\conf\__init__.py                                                                                                     0      0   100%
C:\Users\danie\source\repos\evennia\evennia\game_template\server\conf\inlinefuncs.py                                                                                                  0      0   100%
C:\Users\danie\source\repos\evennia\evennia\game_template\server\conf\lockfuncs.py                                                                                                    0      0   100%
C:\Users\danie\source\repos\evennia\evennia\game_template\world\__init__.py                                                                                                           0      0   100%
C:\Users\danie\source\repos\evennia\evennia\game_template\world\prototypes.py                                                                                                         0      0   100%
C:\Users\danie\source\repos\evennia\evennia\help\__init__.py                                                                                                                          0      0   100%
C:\Users\danie\source\repos\evennia\evennia\help\filehelp.py                                                                                                                         65      7    89%
C:\Users\danie\source\repos\evennia\evennia\help\manager.py                                                                                                                          62     29    53%
C:\Users\danie\source\repos\evennia\evennia\help\migrations\0001_initial.py                                                                                                           4      0   100%
C:\Users\danie\source\repos\evennia\evennia\help\migrations\0002_auto_20170606_1731.py                                                                                                4      0   100%
C:\Users\danie\source\repos\evennia\evennia\help\migrations\0003_auto_20190128_1820.py                                                                                                4      0   100%
C:\Users\danie\source\repos\evennia\evennia\help\migrations\0004_auto_20210520_2137.py                                                                                                4      0   100%
C:\Users\danie\source\repos\evennia\evennia\help\migrations\0005_auto_20210530_1818.py                                                                                               16      9    44%
C:\Users\danie\source\repos\evennia\evennia\help\migrations\0006_alter_helpentry_id.py                                                                                                4      0   100%
C:\Users\danie\source\repos\evennia\evennia\help\migrations\__init__.py                                                                                                               0      0   100%
C:\Users\danie\source\repos\evennia\evennia\help\models.py                                                                                                                           65     17    74%
C:\Users\danie\source\repos\evennia\evennia\help\tests.py                                                                                                                            29      0   100%
C:\Users\danie\source\repos\evennia\evennia\help\utils.py                                                                                                                            78     11    86%
C:\Users\danie\source\repos\evennia\evennia\locks\__init__.py                                                                                                                         1      0   100%
C:\Users\danie\source\repos\evennia\evennia\locks\lockfuncs.py                                                                                                                      235     50    79%
C:\Users\danie\source\repos\evennia\evennia\locks\lockhandler.py                                                                                                                    229     79    66%
C:\Users\danie\source\repos\evennia\evennia\locks\tests.py                                                                                                                          194      0   100%
C:\Users\danie\source\repos\evennia\evennia\objects\__init__.py                                                                                                                       0      0   100%
C:\Users\danie\source\repos\evennia\evennia\objects\manager.py                                                                                                                      225     59    74%
C:\Users\danie\source\repos\evennia\evennia\objects\migrations\0001_initial.py                                                                                                        5      0   100%
C:\Users\danie\source\repos\evennia\evennia\objects\migrations\0002_auto_20140917_0756.py                                                                                             6      0   100%
C:\Users\danie\source\repos\evennia\evennia\objects\migrations\0003_defaultcharacter_defaultexit_defaultobject_defaultroom.py                                                         4      0   100%
C:\Users\danie\source\repos\evennia\evennia\objects\migrations\0004_auto_20150118_1622.py                                                                                             9      2    78%
C:\Users\danie\source\repos\evennia\evennia\objects\migrations\0005_auto_20150403_2339.py                                                                                             4      0   100%
C:\Users\danie\source\repos\evennia\evennia\objects\migrations\0006_auto_20170606_1731.py                                                                                             6      0   100%
C:\Users\danie\source\repos\evennia\evennia\objects\migrations\0007_objectdb_db_account.py                                                                                           10      1    90%
C:\Users\danie\source\repos\evennia\evennia\objects\migrations\0008_auto_20170705_1736.py                                                                                            17      7    59%
C:\Users\danie\source\repos\evennia\evennia\objects\migrations\0009_remove_objectdb_db_player.py                                                                                      9      1    89%
C:\Users\danie\source\repos\evennia\evennia\objects\migrations\0010_auto_20190128_1820.py                                                                                             8      0   100%
C:\Users\danie\source\repos\evennia\evennia\objects\migrations\0011_auto_20191025_0831.py                                                                                             6      0   100%
C:\Users\danie\source\repos\evennia\evennia\objects\migrations\0012_convert_contrib_typeclass_paths.py                                                                               34     25    26%
C:\Users\danie\source\repos\evennia\evennia\objects\migrations\0013_defaultobject_alter_objectdb_id_defaultcharacter_and_more.py                                                      4      0   100%
C:\Users\danie\source\repos\evennia\evennia\objects\migrations\__init__.py                                                                                                            0      0   100%
C:\Users\danie\source\repos\evennia\evennia\objects\models.py                                                                                                                       128     29    77%
C:\Users\danie\source\repos\evennia\evennia\objects\objects.py                                                                                                                      851    160    81%
C:\Users\danie\source\repos\evennia\evennia\objects\tests.py                                                                                                                        232      1    99%
C:\Users\danie\source\repos\evennia\evennia\prototypes\__init__.py                                                                                                                    0      0   100%
C:\Users\danie\source\repos\evennia\evennia\prototypes\menus.py                                                                                                                    1152    505    56%
C:\Users\danie\source\repos\evennia\evennia\prototypes\protfuncs.py                                                                                                                  21      7    67%
C:\Users\danie\source\repos\evennia\evennia\prototypes\prototypes.py                                                                                                                481    127    74%
C:\Users\danie\source\repos\evennia\evennia\prototypes\spawner.py                                                                                                                   386     65    83%
C:\Users\danie\source\repos\evennia\evennia\prototypes\tests.py                                                                                                                     254      1    99%
C:\Users\danie\source\repos\evennia\evennia\scripts\__init__.py                                                                                                                       0      0   100%
C:\Users\danie\source\repos\evennia\evennia\scripts\manager.py                                                                                                                      109     28    74%
C:\Users\danie\source\repos\evennia\evennia\scripts\migrations\0001_initial.py                                                                                                        5      0   100%
C:\Users\danie\source\repos\evennia\evennia\scripts\migrations\0002_auto_20150118_1625.py                                                                                            12      4    67%
C:\Users\danie\source\repos\evennia\evennia\scripts\migrations\0003_checksessions_defaultscript_donothing_scriptbase_store_validatechannelhandler_validateidmappercache_.py           4      0   100%
C:\Users\danie\source\repos\evennia\evennia\scripts\migrations\0004_auto_20150306_1354.py                                                                                             8      1    88%
C:\Users\danie\source\repos\evennia\evennia\scripts\migrations\0005_auto_20150306_1441.py                                                                                             4      0   100%
C:\Users\danie\source\repos\evennia\evennia\scripts\migrations\0006_auto_20150310_2249.py                                                                                             8      1    88%
C:\Users\danie\source\repos\evennia\evennia\scripts\migrations\0007_auto_20150403_2339.py                                                                                             4      0   100%
C:\Users\danie\source\repos\evennia\evennia\scripts\migrations\0008_auto_20170606_1731.py                                                                                             4      0   100%
C:\Users\danie\source\repos\evennia\evennia\scripts\migrations\0009_scriptdb_db_account.py                                                                                           10      1    90%
C:\Users\danie\source\repos\evennia\evennia\scripts\migrations\0010_auto_20170705_1736.py                                                                                            17      7    59%
C:\Users\danie\source\repos\evennia\evennia\scripts\migrations\0011_remove_scriptdb_db_player.py                                                                                      9      1    89%
C:\Users\danie\source\repos\evennia\evennia\scripts\migrations\0012_auto_20190128_1820.py                                                                                             6      0   100%
C:\Users\danie\source\repos\evennia\evennia\scripts\migrations\0013_auto_20191025_0831.py                                                                                             4      0   100%
C:\Users\danie\source\repos\evennia\evennia\scripts\migrations\0014_auto_20210520_2137.py                                                                                             4      0   100%
C:\Users\danie\source\repos\evennia\evennia\scripts\migrations\0015_convert_contrib_paths.py                                                                                         23     15    35%
C:\Users\danie\source\repos\evennia\evennia\scripts\migrations\0016_scriptbase_alter_scriptdb_id_defaultscript_and_more.py                                                            4      0   100%
C:\Users\danie\source\repos\evennia\evennia\scripts\migrations\__init__.py                                                                                                            0      0   100%
C:\Users\danie\source\repos\evennia\evennia\scripts\models.py                                                                                                                        51     10    80%
C:\Users\danie\source\repos\evennia\evennia\scripts\monitorhandler.py                                                                                                                88     62    30%
C:\Users\danie\source\repos\evennia\evennia\scripts\scripthandler.py                                                                                                                 57     16    72%
C:\Users\danie\source\repos\evennia\evennia\scripts\scripts.py                                                                                                                      300     87    71%
C:\Users\danie\source\repos\evennia\evennia\scripts\taskhandler.py                                                                                                                  224     32    86%
C:\Users\danie\source\repos\evennia\evennia\scripts\tests.py                                                                                                                         57      0   100%
C:\Users\danie\source\repos\evennia\evennia\scripts\tickerhandler.py                                                                                                                200     91    54%
C:\Users\danie\source\repos\evennia\evennia\server\__init__.py                                                                                                                        0      0   100%
C:\Users\danie\source\repos\evennia\evennia\server\amp_client.py                                                                                                                     83     25    70%
C:\Users\danie\source\repos\evennia\evennia\server\deprecations.py                                                                                                                   68     30    56%
C:\Users\danie\source\repos\evennia\evennia\server\evennia_launcher.py                                                                                                             1038    674    35%
C:\Users\danie\source\repos\evennia\evennia\server\game_index_client\__init__.py                                                                                                      1      0   100%
C:\Users\danie\source\repos\evennia\evennia\server\game_index_client\client.py                                                                                                       78     43    45%
C:\Users\danie\source\repos\evennia\evennia\server\game_index_client\service.py                                                                                                      24     11    54%
C:\Users\danie\source\repos\evennia\evennia\server\initial_setup.py                                                                                                                  87     10    89%
C:\Users\danie\source\repos\evennia\evennia\server\inputfuncs.py                                                                                                                    240    177    26%
C:\Users\danie\source\repos\evennia\evennia\server\manager.py                                                                                                                        19      1    95%
C:\Users\danie\source\repos\evennia\evennia\server\migrations\0001_initial.py                                                                                                         4      0   100%
C:\Users\danie\source\repos\evennia\evennia\server\migrations\0002_auto_20190128_2311.py                                                                                             15      3    80%
C:\Users\danie\source\repos\evennia\evennia\server\migrations\0003_alter_serverconfig_id.py                                                                                           4      0   100%
C:\Users\danie\source\repos\evennia\evennia\server\migrations\__init__.py                                                                                                             0      0   100%
C:\Users\danie\source\repos\evennia\evennia\server\models.py                                                                                                                         37     10    73%
C:\Users\danie\source\repos\evennia\evennia\server\portal\__init__.py                                                                                                                 0      0   100%
C:\Users\danie\source\repos\evennia\evennia\server\portal\amp.py                                                                                                                    217     46    79%
C:\Users\danie\source\repos\evennia\evennia\server\portal\amp_server.py                                                                                                             188    128    32%
C:\Users\danie\source\repos\evennia\evennia\server\portal\irc.py                                                                                                                    172     84    51%
C:\Users\danie\source\repos\evennia\evennia\server\portal\mccp.py                                                                                                                    22      6    73%
C:\Users\danie\source\repos\evennia\evennia\server\portal\mssp.py                                                                                                                    30     15    50%
C:\Users\danie\source\repos\evennia\evennia\server\portal\mxp.py                                                                                                                     28      9    68%
C:\Users\danie\source\repos\evennia\evennia\server\portal\naws.py                                                                                                                    24      5    79%
C:\Users\danie\source\repos\evennia\evennia\server\portal\portal.py                                                                                                                 211     58    73%
C:\Users\danie\source\repos\evennia\evennia\server\portal\portalsessionhandler.py                                                                                                   165     91    45%
C:\Users\danie\source\repos\evennia\evennia\server\portal\suppress_ga.py                                                                                                             13      2    85%
C:\Users\danie\source\repos\evennia\evennia\server\portal\telnet.py                                                                                                                 178     97    46%
C:\Users\danie\source\repos\evennia\evennia\server\portal\telnet_oob.py                                                                                                             156     91    42%
C:\Users\danie\source\repos\evennia\evennia\server\portal\tests.py                                                                                                                  182      6    97%
C:\Users\danie\source\repos\evennia\evennia\server\portal\ttype.py                                                                                                                   63      6    90%
C:\Users\danie\source\repos\evennia\evennia\server\portal\webclient.py                                                                                                              129     53    59%
C:\Users\danie\source\repos\evennia\evennia\server\portal\webclient_ajax.py                                                                                                         205    154    25%
C:\Users\danie\source\repos\evennia\evennia\server\profiling\__init__.py                                                                                                              0      0   100%
C:\Users\danie\source\repos\evennia\evennia\server\profiling\dummyrunner_settings.py                                                                                                 94     15    84%
C:\Users\danie\source\repos\evennia\evennia\server\profiling\test_queries.py                                                                                                         15     10    33%
C:\Users\danie\source\repos\evennia\evennia\server\profiling\tests.py                                                                                                                90     10    89%
C:\Users\danie\source\repos\evennia\evennia\server\server.py                                                                                                                        345    119    66%
C:\Users\danie\source\repos\evennia\evennia\server\serversession.py                                                                                                                 168     52    69%
C:\Users\danie\source\repos\evennia\evennia\server\session.py                                                                                                                        37      5    86%
C:\Users\danie\source\repos\evennia\evennia\server\sessionhandler.py                                                                                                                297    143    52%
C:\Users\danie\source\repos\evennia\evennia\server\signals.py                                                                                                                        30      0   100%
C:\Users\danie\source\repos\evennia\evennia\server\tests\__init__.py                                                                                                                  0      0   100%
C:\Users\danie\source\repos\evennia\evennia\server\tests\test_amp_connection.py                                                                                                      85      0   100%
C:\Users\danie\source\repos\evennia\evennia\server\tests\test_initial_setup.py                                                                                                       10      0   100%
C:\Users\danie\source\repos\evennia\evennia\server\tests\test_launcher.py                                                                                                           117      8    93%
C:\Users\danie\source\repos\evennia\evennia\server\tests\test_misc.py                                                                                                                49      0   100%
C:\Users\danie\source\repos\evennia\evennia\server\tests\test_server.py                                                                                                             144      0   100%
C:\Users\danie\source\repos\evennia\evennia\server\tests\testrunner.py                                                                                                               15      0   100%
C:\Users\danie\source\repos\evennia\evennia\server\throttle.py                                                                                                                       81     11    86%
C:\Users\danie\source\repos\evennia\evennia\server\validators.py                                                                                                                     21      1    95%
C:\Users\danie\source\repos\evennia\evennia\server\webserver.py                                                                                                                     105     57    46%
C:\Users\danie\source\repos\evennia\evennia\settings_default.py                                                                                                                     246      9    96%
C:\Users\danie\source\repos\evennia\evennia\typeclasses\__init__.py                                                                                                                   1      0   100%
C:\Users\danie\source\repos\evennia\evennia\typeclasses\attributes.py                                                                                                               518     58    89%
C:\Users\danie\source\repos\evennia\evennia\typeclasses\managers.py                                                                                                                 232     80    66%
C:\Users\danie\source\repos\evennia\evennia\typeclasses\migrations\0001_initial.py                                                                                                    8      1    88%
C:\Users\danie\source\repos\evennia\evennia\typeclasses\migrations\0002_auto_20150109_0913.py                                                                                         4      0   100%
[...]
C:\Users\danie\source\repos\evennia\evennia\utils\tests\test_ansi.py                                                                                                                 30      0   100%
C:\Users\danie\source\repos\evennia\evennia\utils\tests\test_batchprocessors.py                                                                                                      75      0   100%
C:\Users\danie\source\repos\evennia\evennia\utils\tests\test_containers.py                                                                                                           53      0   100%
C:\Users\danie\source\repos\evennia\evennia\utils\tests\test_create_functions.py                                                                                                    110      0   100%
C:\Users\danie\source\repos\evennia\evennia\utils\tests\test_dbserialize.py                                                                                                         139      0   100%
C:\Users\danie\source\repos\evennia\evennia\utils\tests\test_eveditor.py                                                                                                             92      0   100%
C:\Users\danie\source\repos\evennia\evennia\utils\tests\test_evform.py                                                                                                              105      9    91%
C:\Users\danie\source\repos\evennia\evennia\utils\tests\test_evmenu.py                                                                                                              136      8    94%
C:\Users\danie\source\repos\evennia\evennia\utils\tests\test_evtable.py                                                                                                              87      0   100%
C:\Users\danie\source\repos\evennia\evennia\utils\tests\test_funcparser.py                                                                                                          334      3    99%
C:\Users\danie\source\repos\evennia\evennia\utils\tests\test_gametime.py                                                                                                             75      0   100%
C:\Users\danie\source\repos\evennia\evennia\utils\tests\test_search.py                                                                                                               67      0   100%
C:\Users\danie\source\repos\evennia\evennia\utils\tests\test_tagparsing.py                                                                                                          156      0   100%
C:\Users\danie\source\repos\evennia\evennia\utils\tests\test_text2html.py                                                                                                            59      0   100%
C:\Users\danie\source\repos\evennia\evennia\utils\tests\test_utils.py                                                                                                               473      0   100%
C:\Users\danie\source\repos\evennia\evennia\utils\tests\test_validatorfuncs.py                                                                                                      118      0   100%
C:\Users\danie\source\repos\evennia\evennia\utils\text2html.py                                                                                                                      132      5    96%
C:\Users\danie\source\repos\evennia\evennia\utils\utils.py                                                                                                                         1047    258    75%
C:\Users\danie\source\repos\evennia\evennia\utils\validatorfuncs.py                                                                                                                 132      2    98%
C:\Users\danie\source\repos\evennia\evennia\utils\verb_conjugation\__init__.py                                                                                                        0      0   100%
C:\Users\danie\source\repos\evennia\evennia\utils\verb_conjugation\conjugate.py                                                                                                      92      8    91%
C:\Users\danie\source\repos\evennia\evennia\utils\verb_conjugation\pronouns.py                                                                                                       53      2    96%
C:\Users\danie\source\repos\evennia\evennia\utils\verb_conjugation\tests.py                                                                                                          61      0   100%
C:\Users\danie\source\repos\evennia\evennia\web\__init__.py                                                                                                                           0      0   100%
C:\Users\danie\source\repos\evennia\evennia\web\admin\__init__.py                                                                                                                     7      0   100%
C:\Users\danie\source\repos\evennia\evennia\web\admin\accounts.py                                                                                                                   142     59    58%
C:\Users\danie\source\repos\evennia\evennia\web\admin\attributes.py                                                                                                                  94     65    31%
C:\Users\danie\source\repos\evennia\evennia\web\admin\comms.py                                                                                                                      103     33    68%
C:\Users\danie\source\repos\evennia\evennia\web\admin\frontpage.py                                                                                                                    9      1    89%
C:\Users\danie\source\repos\evennia\evennia\web\admin\help.py                                                                                                                        27      0   100%
C:\Users\danie\source\repos\evennia\evennia\web\admin\objects.py                                                                                                                    120     51    58%
C:\Users\danie\source\repos\evennia\evennia\web\admin\scripts.py                                                                                                                     49      9    82%
C:\Users\danie\source\repos\evennia\evennia\web\admin\server.py                                                                                                                      11      0   100%
C:\Users\danie\source\repos\evennia\evennia\web\admin\tags.py                                                                                                                        93     48    48%
C:\Users\danie\source\repos\evennia\evennia\web\admin\urls.py                                                                                                                         8      1    88%
C:\Users\danie\source\repos\evennia\evennia\web\admin\utils.py                                                                                                                       19     15    21%
C:\Users\danie\source\repos\evennia\evennia\web\api\__init__.py                                                                                                                       0      0   100%
C:\Users\danie\source\repos\evennia\evennia\web\api\filters.py                                                                                                                       46      5    89%
C:\Users\danie\source\repos\evennia\evennia\web\api\permissions.py                                                                                                                   29      6    79%
C:\Users\danie\source\repos\evennia\evennia\web\api\root.py                                                                                                                           5      0   100%
C:\Users\danie\source\repos\evennia\evennia\web\api\serializers.py                                                                                                                  116      1    99%
C:\Users\danie\source\repos\evennia\evennia\web\api\tests.py                                                                                                                         91      0   100%
C:\Users\danie\source\repos\evennia\evennia\web\api\urls.py                                                                                                                          17      0   100%
C:\Users\danie\source\repos\evennia\evennia\web\api\views.py                                                                                                                         64      2    97%
C:\Users\danie\source\repos\evennia\evennia\web\templatetags\__init__.py                                                                                                              0      0   100%
C:\Users\danie\source\repos\evennia\evennia\web\templatetags\addclass.py                                                                                                             11      3    73%
C:\Users\danie\source\repos\evennia\evennia\web\urls.py                                                                                                                               6      1    83%
C:\Users\danie\source\repos\evennia\evennia\web\utils\__init__.py                                                                                                                     0      0   100%
C:\Users\danie\source\repos\evennia\evennia\web\utils\adminsite.py                                                                                                                   11      0   100%
C:\Users\danie\source\repos\evennia\evennia\web\utils\backends.py                                                                                                                    15      4    73%
C:\Users\danie\source\repos\evennia\evennia\web\utils\general_context.py                                                                                                             57      4    93%
C:\Users\danie\source\repos\evennia\evennia\web\utils\middleware.py                                                                                                                  36      9    75%
C:\Users\danie\source\repos\evennia\evennia\web\utils\tests.py                                                                                                                       20      0   100%
C:\Users\danie\source\repos\evennia\evennia\web\webclient\__init__.py                                                                                                                 0      0   100%
C:\Users\danie\source\repos\evennia\evennia\web\webclient\urls.py                                                                                                                     4      0   100%
C:\Users\danie\source\repos\evennia\evennia\web\webclient\views.py                                                                                                                   11      0   100%
C:\Users\danie\source\repos\evennia\evennia\web\website\__init__.py                                                                                                                   0      0   100%
C:\Users\danie\source\repos\evennia\evennia\web\website\forms.py                                                                                                                     30      0   100%
C:\Users\danie\source\repos\evennia\evennia\web\website\tests.py                                                                                                                    190      0   100%
C:\Users\danie\source\repos\evennia\evennia\web\website\urls.py                                                                                                                      10      2    80%
C:\Users\danie\source\repos\evennia\evennia\web\website\views\__init__.py                                                                                                             0      0   100%
C:\Users\danie\source\repos\evennia\evennia\web\website\views\accounts.py                                                                                                            23      9    61%
C:\Users\danie\source\repos\evennia\evennia\web\website\views\channels.py                                                                                                            57      9    84%
C:\Users\danie\source\repos\evennia\evennia\web\website\views\characters.py                                                                                                          74      9    88%
C:\Users\danie\source\repos\evennia\evennia\web\website\views\errors.py                                                                                                               4      2    50%
C:\Users\danie\source\repos\evennia\evennia\web\website\views\help.py                                                                                                               129      1    99%
C:\Users\danie\source\repos\evennia\evennia\web\website\views\index.py                                                                                                               30      0   100%
C:\Users\danie\source\repos\evennia\evennia\web\website\views\mixins.py                                                                                                              25      3    88%
C:\Users\danie\source\repos\evennia\evennia\web\website\views\objects.py                                                                                                             59      2    97%
commands\__init__.py                                                                                                                                                                  0      0   100%
commands\default_cmdsets.py                                                                                                                                                          17      0   100%
server\__init__.py                                                                                                                                                                    0      0   100%
server\conf\__init__.py                                                                                                                                                               0      0   100%
server\conf\at_initial_setup.py                                                                                                                                                       2      0   100%
server\conf\at_server_startstop.py                                                                                                                                                   14      5    64%
server\conf\connection_screens.py                                                                                                                                                     4      0   100%
server\conf\inputfuncs.py                                                                                                                                                             0      0   100%
server\conf\mssp.py                                                                                                                                                                   1      0   100%
server\conf\portal_services_plugins.py                                                                                                                                                2      0   100%
server\conf\server_services_plugins.py                                                                                                                                                2      0   100%
server\conf\web_plugins.py                                                                                                                                                            4      0   100%
typeclasses\__init__.py                                                                                                                                                               0      0   100%
typeclasses\accounts.py                                                                                                                                                               5      0   100%
typeclasses\channels.py                                                                                                                                                               3      0   100%
typeclasses\characters.py                                                                                                                                                             4      0   100%
typeclasses\exits.py                                                                                                                                                                  4      0   100%
typeclasses\objects.py                                                                                                                                                                4      0   100%
typeclasses\rooms.py                                                                                                                                                                  4      0   100%
typeclasses\scripts.py                                                                                                                                                                3      0   100%
web\__init__.py                                                                                                                                                                       0      0   100%
web\admin\__init__.py                                                                                                                                                                 0      0   100%
web\admin\urls.py                                                                                                                                                                     4      0   100%
web\urls.py                                                                                                                                                                           4      0   100%
web\webclient\__init__.py                                                                                                                                                             0      0   100%
web\webclient\urls.py                                                                                                                                                                 4      0   100%
web\website\__init__.py                                                                                                                                                               0      0   100%
web\website\urls.py                                                                                                                                                                   4      0   100%
world\__init__.py                                                                                                                                                                     0      0   100%
world\help_entries.py                                                                                                                                                                 1      0   100%
-----------------------------------------------------------------------------------------------------------------------------------------------------------------------------------------------------
TOTAL                                                                                                                                                                             54901  14865    73%
